<?xml version="1.0" encoding="UTF-8"?>
<testsuite xmlns:xsi="http://www.w3.org/2001/XMLSchema-instance" xsi:noNamespaceSchemaLocation="https://maven.apache.org/surefire/maven-surefire-plugin/xsd/surefire-test-report-3.0.xsd" version="3.0" name="TestSuite" time="27.992" tests="2" errors="0" skipped="0" failures="1">
  <properties>
    <property name="sun.desktop" value="windows"/>
    <property name="awt.toolkit" value="sun.awt.windows.WToolkit"/>
    <property name="file.encoding.pkg" value="sun.io"/>
    <property name="java.specification.version" value="1.8"/>
    <property name="sun.cpu.isalist" value="amd64"/>
    <property name="sun.jnu.encoding" value="Cp1252"/>
    <property name="java.class.path" value="E:\Desktop\Selenium WorkSpace\ExtendReport\target\test-classes;E:\Desktop\Selenium WorkSpace\ExtendReport\target\classes;C:\Users\Hillol\.m2\repository\com\aventstack\extentreports\4.1.3\extentreports-4.1.3.jar;C:\Users\Hillol\.m2\repository\org\apache\httpcomponents\httpclient\4.5.2\httpclient-4.5.2.jar;C:\Users\Hillol\.m2\repository\org\apache\httpcomponents\httpcore\4.4.4\httpcore-4.4.4.jar;C:\Users\Hillol\.m2\repository\commons-logging\commons-logging\1.2\commons-logging-1.2.jar;C:\Users\Hillol\.m2\repository\commons-codec\commons-codec\1.9\commons-codec-1.9.jar;C:\Users\Hillol\.m2\repository\org\apache\httpcomponents\httpmime\4.5.2\httpmime-4.5.2.jar;C:\Users\Hillol\.m2\repository\com\google\code\gson\gson\2.8.6\gson-2.8.6.jar;C:\Users\Hillol\.m2\repository\org\mongodb\mongodb-driver\3.12.0\mongodb-driver-3.12.0.jar;C:\Users\Hillol\.m2\repository\org\mongodb\mongodb-driver-core\3.12.0\mongodb-driver-core-3.12.0.jar;C:\Users\Hillol\.m2\repository\org\mongodb\bson\3.12.0\bson-3.12.0.jar;C:\Users\Hillol\.m2\repository\org\testng\testng\7.1.0\testng-7.1.0.jar;C:\Users\Hillol\.m2\repository\com\beust\jcommander\1.72\jcommander-1.72.jar;C:\Users\Hillol\.m2\repository\com\google\inject\guice\4.1.0\guice-4.1.0-no_aop.jar;C:\Users\Hillol\.m2\repository\javax\inject\javax.inject\1\javax.inject-1.jar;C:\Users\Hillol\.m2\repository\aopalliance\aopalliance\1.0\aopalliance-1.0.jar;C:\Users\Hillol\.m2\repository\org\yaml\snakeyaml\1.21\snakeyaml-1.21.jar;C:\Users\Hillol\.m2\repository\org\jsoup\jsoup\1.8.3\jsoup-1.8.3.jar;C:\Users\Hillol\.m2\repository\org\freemarker\freemarker\2.3.30\freemarker-2.3.30.jar;C:\Users\Hillol\.m2\repository\org\seleniumhq\selenium\selenium-java\3.141.59\selenium-java-3.141.59.jar;C:\Users\Hillol\.m2\repository\org\seleniumhq\selenium\selenium-chrome-driver\3.141.59\selenium-chrome-driver-3.141.59.jar;C:\Users\Hillol\.m2\repository\org\seleniumhq\selenium\selenium-edge-driver\3.141.59\selenium-edge-driver-3.141.59.jar;C:\Users\Hillol\.m2\repository\org\seleniumhq\selenium\selenium-firefox-driver\3.141.59\selenium-firefox-driver-3.141.59.jar;C:\Users\Hillol\.m2\repository\org\seleniumhq\selenium\selenium-ie-driver\3.141.59\selenium-ie-driver-3.141.59.jar;C:\Users\Hillol\.m2\repository\org\seleniumhq\selenium\selenium-opera-driver\3.141.59\selenium-opera-driver-3.141.59.jar;C:\Users\Hillol\.m2\repository\org\seleniumhq\selenium\selenium-remote-driver\3.141.59\selenium-remote-driver-3.141.59.jar;C:\Users\Hillol\.m2\repository\org\seleniumhq\selenium\selenium-safari-driver\3.141.59\selenium-safari-driver-3.141.59.jar;C:\Users\Hillol\.m2\repository\org\seleniumhq\selenium\selenium-support\3.141.59\selenium-support-3.141.59.jar;C:\Users\Hillol\.m2\repository\net\bytebuddy\byte-buddy\1.8.15\byte-buddy-1.8.15.jar;C:\Users\Hillol\.m2\repository\org\apache\commons\commons-exec\1.3\commons-exec-1.3.jar;C:\Users\Hillol\.m2\repository\com\google\guava\guava\25.0-jre\guava-25.0-jre.jar;C:\Users\Hillol\.m2\repository\com\google\code\findbugs\jsr305\1.3.9\jsr305-1.3.9.jar;C:\Users\Hillol\.m2\repository\org\checkerframework\checker-compat-qual\2.0.0\checker-compat-qual-2.0.0.jar;C:\Users\Hillol\.m2\repository\com\google\errorprone\error_prone_annotations\2.1.3\error_prone_annotations-2.1.3.jar;C:\Users\Hillol\.m2\repository\com\google\j2objc\j2objc-annotations\1.1\j2objc-annotations-1.1.jar;C:\Users\Hillol\.m2\repository\org\codehaus\mojo\animal-sniffer-annotations\1.14\animal-sniffer-annotations-1.14.jar;C:\Users\Hillol\.m2\repository\com\squareup\okhttp3\okhttp\3.11.0\okhttp-3.11.0.jar;C:\Users\Hillol\.m2\repository\com\squareup\okio\okio\1.14.0\okio-1.14.0.jar;C:\Users\Hillol\.m2\repository\org\seleniumhq\selenium\selenium-api\3.141.59\selenium-api-3.141.59.jar;"/>
    <property name="java.vm.vendor" value="Oracle Corporation"/>
    <property name="sun.arch.data.model" value="64"/>
    <property name="user.variant" value=""/>
    <property name="java.vendor.url" value="http://java.oracle.com/"/>
    <property name="user.timezone" value="Asia/Calcutta"/>
    <property name="java.vm.specification.version" value="1.8"/>
    <property name="os.name" value="Windows 8.1"/>
    <property name="user.country" value="US"/>
    <property name="sun.java.launcher" value="SUN_STANDARD"/>
    <property name="sun.boot.library.path" value="C:\Program Files\Java\jdk\jre\bin"/>
    <property name="sun.java.command" value="C:\Users\Hillol\AppData\Local\Temp\surefire1044103988834930734\surefirebooter1714429906155527283.jar C:\Users\Hillol\AppData\Local\Temp\surefire1044103988834930734 2020-07-14T13-02-50_011-jvmRun1 surefire4292648786875000831tmp surefire_0245187044869578182tmp"/>
    <property name="surefire.test.class.path" value="E:\Desktop\Selenium WorkSpace\ExtendReport\target\test-classes;E:\Desktop\Selenium WorkSpace\ExtendReport\target\classes;C:\Users\Hillol\.m2\repository\com\aventstack\extentreports\4.1.3\extentreports-4.1.3.jar;C:\Users\Hillol\.m2\repository\org\apache\httpcomponents\httpclient\4.5.2\httpclient-4.5.2.jar;C:\Users\Hillol\.m2\repository\org\apache\httpcomponents\httpcore\4.4.4\httpcore-4.4.4.jar;C:\Users\Hillol\.m2\repository\commons-logging\commons-logging\1.2\commons-logging-1.2.jar;C:\Users\Hillol\.m2\repository\commons-codec\commons-codec\1.9\commons-codec-1.9.jar;C:\Users\Hillol\.m2\repository\org\apache\httpcomponents\httpmime\4.5.2\httpmime-4.5.2.jar;C:\Users\Hillol\.m2\repository\com\google\code\gson\gson\2.8.6\gson-2.8.6.jar;C:\Users\Hillol\.m2\repository\org\mongodb\mongodb-driver\3.12.0\mongodb-driver-3.12.0.jar;C:\Users\Hillol\.m2\repository\org\mongodb\mongodb-driver-core\3.12.0\mongodb-driver-core-3.12.0.jar;C:\Users\Hillol\.m2\repository\org\mongodb\bson\3.12.0\bson-3.12.0.jar;C:\Users\Hillol\.m2\repository\org\testng\testng\7.1.0\testng-7.1.0.jar;C:\Users\Hillol\.m2\repository\com\beust\jcommander\1.72\jcommander-1.72.jar;C:\Users\Hillol\.m2\repository\com\google\inject\guice\4.1.0\guice-4.1.0-no_aop.jar;C:\Users\Hillol\.m2\repository\javax\inject\javax.inject\1\javax.inject-1.jar;C:\Users\Hillol\.m2\repository\aopalliance\aopalliance\1.0\aopalliance-1.0.jar;C:\Users\Hillol\.m2\repository\org\yaml\snakeyaml\1.21\snakeyaml-1.21.jar;C:\Users\Hillol\.m2\repository\org\jsoup\jsoup\1.8.3\jsoup-1.8.3.jar;C:\Users\Hillol\.m2\repository\org\freemarker\freemarker\2.3.30\freemarker-2.3.30.jar;C:\Users\Hillol\.m2\repository\org\seleniumhq\selenium\selenium-java\3.141.59\selenium-java-3.141.59.jar;C:\Users\Hillol\.m2\repository\org\seleniumhq\selenium\selenium-chrome-driver\3.141.59\selenium-chrome-driver-3.141.59.jar;C:\Users\Hillol\.m2\repository\org\seleniumhq\selenium\selenium-edge-driver\3.141.59\selenium-edge-driver-3.141.59.jar;C:\Users\Hillol\.m2\repository\org\seleniumhq\selenium\selenium-firefox-driver\3.141.59\selenium-firefox-driver-3.141.59.jar;C:\Users\Hillol\.m2\repository\org\seleniumhq\selenium\selenium-ie-driver\3.141.59\selenium-ie-driver-3.141.59.jar;C:\Users\Hillol\.m2\repository\org\seleniumhq\selenium\selenium-opera-driver\3.141.59\selenium-opera-driver-3.141.59.jar;C:\Users\Hillol\.m2\repository\org\seleniumhq\selenium\selenium-remote-driver\3.141.59\selenium-remote-driver-3.141.59.jar;C:\Users\Hillol\.m2\repository\org\seleniumhq\selenium\selenium-safari-driver\3.141.59\selenium-safari-driver-3.141.59.jar;C:\Users\Hillol\.m2\repository\org\seleniumhq\selenium\selenium-support\3.141.59\selenium-support-3.141.59.jar;C:\Users\Hillol\.m2\repository\net\bytebuddy\byte-buddy\1.8.15\byte-buddy-1.8.15.jar;C:\Users\Hillol\.m2\repository\org\apache\commons\commons-exec\1.3\commons-exec-1.3.jar;C:\Users\Hillol\.m2\repository\com\google\guava\guava\25.0-jre\guava-25.0-jre.jar;C:\Users\Hillol\.m2\repository\com\google\code\findbugs\jsr305\1.3.9\jsr305-1.3.9.jar;C:\Users\Hillol\.m2\repository\org\checkerframework\checker-compat-qual\2.0.0\checker-compat-qual-2.0.0.jar;C:\Users\Hillol\.m2\repository\com\google\errorprone\error_prone_annotations\2.1.3\error_prone_annotations-2.1.3.jar;C:\Users\Hillol\.m2\repository\com\google\j2objc\j2objc-annotations\1.1\j2objc-annotations-1.1.jar;C:\Users\Hillol\.m2\repository\org\codehaus\mojo\animal-sniffer-annotations\1.14\animal-sniffer-annotations-1.14.jar;C:\Users\Hillol\.m2\repository\com\squareup\okhttp3\okhttp\3.11.0\okhttp-3.11.0.jar;C:\Users\Hillol\.m2\repository\com\squareup\okio\okio\1.14.0\okio-1.14.0.jar;C:\Users\Hillol\.m2\repository\org\seleniumhq\selenium\selenium-api\3.141.59\selenium-api-3.141.59.jar;"/>
    <property name="sun.cpu.endian" value="little"/>
    <property name="user.home" value="C:\Users\Hillol"/>
    <property name="user.language" value="en"/>
    <property name="java.specification.vendor" value="Oracle Corporation"/>
    <property name="java.home" value="C:\Program Files\Java\jdk\jre"/>
    <property name="basedir" value="E:\Desktop\Selenium WorkSpace\ExtendReport"/>
    <property name="file.separator" value="\"/>
    <property name="line.separator" value="&#10;"/>
    <property name="java.vm.specification.vendor" value="Oracle Corporation"/>
    <property name="java.specification.name" value="Java Platform API Specification"/>
    <property name="java.awt.graphicsenv" value="sun.awt.Win32GraphicsEnvironment"/>
    <property name="surefire.real.class.path" value="C:\Users\Hillol\AppData\Local\Temp\surefire1044103988834930734\surefirebooter1714429906155527283.jar"/>
    <property name="sun.boot.class.path" value="C:\Program Files\Java\jdk\jre\lib\resources.jar;C:\Program Files\Java\jdk\jre\lib\rt.jar;C:\Program Files\Java\jdk\jre\lib\sunrsasign.jar;C:\Program Files\Java\jdk\jre\lib\jsse.jar;C:\Program Files\Java\jdk\jre\lib\jce.jar;C:\Program Files\Java\jdk\jre\lib\charsets.jar;C:\Program Files\Java\jdk\jre\lib\jfr.jar;C:\Program Files\Java\jdk\jre\classes"/>
    <property name="user.script" value=""/>
    <property name="sun.management.compiler" value="HotSpot 64-Bit Tiered Compilers"/>
    <property name="java.runtime.version" value="1.8.0_131-b11"/>
    <property name="user.name" value="Hillol"/>
    <property name="path.separator" value=";"/>
    <property name="os.version" value="6.3"/>
    <property name="java.endorsed.dirs" value="C:\Program Files\Java\jdk\jre\lib\endorsed"/>
    <property name="java.runtime.name" value="Java(TM) SE Runtime Environment"/>
    <property name="file.encoding" value="Cp1252"/>
    <property name="java.vm.name" value="Java HotSpot(TM) 64-Bit Server VM"/>
    <property name="localRepository" value="C:\Users\Hillol\.m2\repository"/>
    <property name="java.vendor.url.bug" value="http://bugreport.sun.com/bugreport/"/>
    <property name="java.io.tmpdir" value="C:\Users\Hillol\AppData\Local\Temp\"/>
    <property name="java.version" value="1.8.0_131"/>
    <property name="user.dir" value="E:\Desktop\Selenium WorkSpace\ExtendReport"/>
    <property name="os.arch" value="amd64"/>
    <property name="java.vm.specification.name" value="Java Virtual Machine Specification"/>
    <property name="java.awt.printerjob" value="sun.awt.windows.WPrinterJob"/>
    <property name="webdriver.chrme.driver" value="C:\Users\Hillol\Desktop\Eclipse\Gecko driver\geckodriver.exe"/>
    <property name="sun.os.patch.level" value=""/>
    <property name="java.library.path" value="C:\Program Files\Java\jdk\jre\bin;C:\Windows\Sun\Java\bin;C:\Windows\system32;C:\Windows;C:\Windows\system32;C:\Windows;C:\Windows\System32\Wbem;C:\Windows\System32\WindowsPowerShell\v1.0\;C:\Program Files\Java\jdk\bin;C:\Program Files\Java\jre\bin;C:\Maven\apache-maven-3.6.1\bin;C:\Program Files\Git\cmd;C:\Program Files\nodejs\;C:\ProgramData\chocolatey\bin;C:\Program Files\nodejs;C:\Python27\Scripts;C:\Users\Hillol\AppData\Local\Programs\Python\Python38-32\Scripts;C:\Windows\System32\cmd.exe;C:\Users\Hillol\AppData\Local\Programs\Python\Python38-32\Scripts;C:\Users\Hillol\AppData\Local\Programs\Python\Python38-32\Scripts;C:\Users\Hillol\AppData\Local\Programs\Python\Python38-32\Scripts\;C:\Users\Hillol\AppData\Local\Programs\Python\Python38-32\;C:\Program Files\Java\jdk1.8.0_111\bin;C:\Users\Hillol\AppData\Roaming\npm;C:\Users\Hillol\AppData\Local\Programs\Microsoft VS Code\bin;."/>
    <property name="java.vm.info" value="mixed mode"/>
    <property name="java.vendor" value="Oracle Corporation"/>
    <property name="java.vm.version" value="25.131-b11"/>
    <property name="java.ext.dirs" value="C:\Program Files\Java\jdk\jre\lib\ext;C:\Windows\Sun\Java\lib\ext"/>
    <property name="sun.io.unicode.encoding" value="UnicodeLittle"/>
    <property name="java.class.version" value="52.0"/>
  </properties>
  <testcase name="LaunchFlipkart" classname="Test.ExtendReprt" time="11.794">
    <failure message="expected [true] but found [false]" type="java.lang.AssertionError"><![CDATA[java.lang.AssertionError: expected [true] but found [false]
	at Test.ExtendReprt.LaunchFlipkart(ExtendReprt.java:43)
]]></failure>
    <system-out><![CDATA[Online Shopping Site for Mobiles, Electronics, Furniture, Grocery, Lifestyle, Books & More. Best Offers!
]]></system-out>
    <system-err><![CDATA[Starting ChromeDriver 80.0.3987.106 (f68069574609230cf9b635cd784cfb1bf81bb53a-refs/branch-heads/3987@{#882}) on port 45254
Only local connections are allowed.
Please protect ports used by ChromeDriver and related test frameworks to prevent access by malicious code.
Jul 14, 2020 1:02:56 PM org.openqa.selenium.remote.ProtocolHandshake createSession
INFO: Detected dialect: W3C
[1594711977.962][SEVERE]: Timed out receiving message from renderer: 0.100
[1594711978.066][SEVERE]: Timed out receiving message from renderer: 0.100
[1594711978.169][SEVERE]: Timed out receiving message from renderer: 0.100
[1594711978.272][SEVERE]: Timed out receiving message from renderer: 0.100
[1594711978.374][SEVERE]: Timed out receiving message from renderer: 0.100
[1594711978.477][SEVERE]: Timed out receiving message from renderer: 0.100
[1594711978.579][SEVERE]: Timed out receiving message from renderer: 0.100
[1594711978.764][SEVERE]: Timed out receiving message from renderer: 0.100
[1594711979.592][SEVERE]: Timed out receiving message from renderer: 0.100
[1594711979.961][SEVERE]: Timed out receiving message from renderer: 0.100
[1594711981.244][SEVERE]: Timed out receiving message from renderer: 0.100
[1594711981.966][SEVERE]: Timed out receiving message from renderer: 0.100
[1594711982.400][SEVERE]: Timed out receiving message from renderer: 0.100
[1594711982.777][SEVERE]: Timed out receiving message from renderer: 0.100
[1594711982.898][SEVERE]: Timed out receiving message from renderer: 0.100
[1594711983.001][SEVERE]: Timed out receiving message from renderer: 0.100
]]></system-err>
  </testcase>
  <testcase name="LaunchFlipkart2" classname="Test.ExtendReprt" time="12.771">
    <system-out><![CDATA[Online Shopping Site for Mobiles, Electronics, Furniture, Grocery, Lifestyle, Books & More. Best Offers!
]]></system-out>
    <system-err><![CDATA[Starting ChromeDriver 80.0.3987.106 (f68069574609230cf9b635cd784cfb1bf81bb53a-refs/branch-heads/3987@{#882}) on port 35093
Only local connections are allowed.
Please protect ports used by ChromeDriver and related test frameworks to prevent access by malicious code.
Jul 14, 2020 1:03:06 PM org.openqa.selenium.remote.ProtocolHandshake createSession
INFO: Detected dialect: W3C
[1594711988.117][SEVERE]: Timed out receiving message from renderer: 0.100
[1594711988.219][SEVERE]: Timed out receiving message from renderer: 0.100
[1594711988.321][SEVERE]: Timed out receiving message from renderer: 0.100
[1594711988.424][SEVERE]: Timed out receiving message from renderer: 0.100
[1594711988.529][SEVERE]: Timed out receiving message from renderer: 0.100
[1594711988.631][SEVERE]: Timed out receiving message from renderer: 0.100
[1594711988.733][SEVERE]: Timed out receiving message from renderer: 0.100
[1594711988.837][SEVERE]: Timed out receiving message from renderer: 0.100
[1594711988.940][SEVERE]: Timed out receiving message from renderer: 0.100
[1594711989.044][SEVERE]: Timed out receiving message from renderer: 0.100
[1594711989.146][SEVERE]: Timed out receiving message from renderer: 0.100
[1594711989.249][SEVERE]: Timed out receiving message from renderer: 0.100
[1594711989.352][SEVERE]: Timed out receiving message from renderer: 0.100
[1594711989.547][SEVERE]: Timed out receiving message from renderer: 0.100
[1594711990.679][SEVERE]: Timed out receiving message from renderer: 0.100
[1594711990.830][SEVERE]: Timed out receiving message from renderer: 0.100
[1594711990.934][SEVERE]: Timed out receiving message from renderer: 0.100
[1594711991.036][SEVERE]: Timed out receiving message from renderer: 0.100
[1594711991.567][SEVERE]: Timed out receiving message from renderer: 0.100
[1594711993.156][SEVERE]: Timed out receiving message from renderer: 0.100
[1594711993.301][SEVERE]: Timed out receiving message from renderer: 0.100
[1594711993.885][SEVERE]: Timed out receiving message from renderer: 0.100
[1594711994.639][SEVERE]: Timed out receiving message from renderer: 0.100
[1594711995.110][SEVERE]: Timed out receiving message from renderer: 0.100
[1594711995.212][SEVERE]: Timed out receiving message from renderer: 0.100
[1594711995.315][SEVERE]: Timed out receiving message from renderer: 0.100
[1594711995.418][SEVERE]: Timed out receiving message from renderer: 0.100
[1594711995.539][SEVERE]: Timed out receiving message from renderer: 0.100
[1594711995.710][SEVERE]: Timed out receiving message from renderer: 0.100
[1594711995.812][SEVERE]: Timed out receiving message from renderer: 0.100
[1594711995.914][SEVERE]: Timed out receiving message from renderer: 0.100
]]></system-err>
  </testcase>
</testsuite>